<?xml version="1.0" encoding="UTF-8"?>
<testsuite name="com.generics.FindMaximumTest" tests="9" skipped="0" failures="0" errors="0" timestamp="2020-07-24T16:46:23" hostname="HARI-PC" time="0.005">
  <properties/>
  <testcase name="givenMaxFloatNumber_AtPositionOne_ReturnSameNumber" classname="com.generics.FindMaximumTest" time="0.002"/>
  <testcase name="givenStringMax_AtPositionTwo_ReturnSameString" classname="com.generics.FindMaximumTest" time="0.0"/>
  <testcase name="givenMaxIntegerNumber_AtPositionThree_ReturnSameNumber" classname="com.generics.FindMaximumTest" time="0.0"/>
  <testcase name="givenMaxIntegerNumber_AtPositionTwo_ReturnSameNumber" classname="com.generics.FindMaximumTest" time="0.0"/>
  <testcase name="givenMaxFloatNumber_AtPositionThree_ReturnSameNumber" classname="com.generics.FindMaximumTest" time="0.0"/>
  <testcase name="givenMaxFloatNumber_AtPositionTwo_ReturnSameNumber" classname="com.generics.FindMaximumTest" time="0.0"/>
  <testcase name="givenStringMax_AtPositionThree_ReturnSameString" classname="com.generics.FindMaximumTest" time="0.0"/>
  <testcase name="givenStringMax_AtPositionOne_ReturnSameString" classname="com.generics.FindMaximumTest" time="0.0"/>
  <testcase name="givenMaxIntegerNumber_AtPositionOne_ReturnsSameNumber" classname="com.generics.FindMaximumTest" time="0.0"/>
  <system-out><![CDATA[]]></system-out>
  <system-err><![CDATA[]]></system-err>
</testsuite>
