<?xml version="1.0" encoding="UTF-8"?>
<testsuite name="com.generics.FindMaximumTest" tests="3" skipped="0" failures="0" errors="0" timestamp="2020-07-24T09:51:36" hostname="HARI-PC" time="0.003">
  <properties/>
  <testcase name="givenMaxNumber_AtPositionOne_ReturnsSameNumber" classname="com.generics.FindMaximumTest" time="0.003"/>
  <testcase name="givenMaxNumber_AtPositionThree_ReturnSameNumber" classname="com.generics.FindMaximumTest" time="0.0"/>
  <testcase name="givenMaxNumber_AtPositionTwo_ReturnSameNumber" classname="com.generics.FindMaximumTest" time="0.0"/>
  <system-out><![CDATA[]]></system-out>
  <system-err><![CDATA[]]></system-err>
</testsuite>
